  [1m[36m (149.1ms)[0m  [1mCREATE TABLE `schema_migrations` (`version` varchar(255) NOT NULL) ENGINE=InnoDB[0m
  [1m[35m (187.3ms)[0m  CREATE UNIQUE INDEX `unique_schema_migrations` ON `schema_migrations` (`version`) 
  [1m[36mActiveRecord::SchemaMigration Load (0.4ms)[0m  [1mSELECT `schema_migrations`.* FROM `schema_migrations`[0m
Migrating to CreateUsers (20140509194752)
  [1m[35m (181.2ms)[0m  CREATE TABLE `users` (`id` int(11) DEFAULT NULL auto_increment PRIMARY KEY, `user_type_id` int(11) DEFAULT 1 NOT NULL, `email` varchar(120) NOT NULL, `first_name` varchar(120) NOT NULL, `last_name` varchar(120) NOT NULL, `pin` varchar(12) NOT NULL, `password` varchar(255) NOT NULL, `picture` varchar(255), `created_at` datetime, `updated_at` datetime) ENGINE=InnoDB
  [1m[36m (0.2ms)[0m  [1mBEGIN[0m
  [1m[35mSQL (0.4ms)[0m  INSERT INTO `schema_migrations` (`version`) VALUES ('20140509194752')
  [1m[36m (0.5ms)[0m  [1mCOMMIT[0m
Migrating to CreateTransportCardTypes (20140509194939)
  [1m[35m (240.3ms)[0m  CREATE TABLE `transport_card_types` (`id` int(11) DEFAULT NULL auto_increment PRIMARY KEY, `name` varchar(255) NOT NULL, `created_at` datetime, `updated_at` datetime) ENGINE=InnoDB
  [1m[36m (0.2ms)[0m  [1mBEGIN[0m
  [1m[35mSQL (0.3ms)[0m  INSERT INTO `schema_migrations` (`version`) VALUES ('20140509194939')
  [1m[36m (0.4ms)[0m  [1mCOMMIT[0m
  [1m[35mActiveRecord::SchemaMigration Load (0.3ms)[0m  SELECT `schema_migrations`.* FROM `schema_migrations`


Started GET "/" for 127.0.0.1 at 2014-05-09 23:07:29 +0300
  [1m[36mActiveRecord::SchemaMigration Load (0.3ms)[0m  [1mSELECT `schema_migrations`.* FROM `schema_migrations`[0m
Processing by Rails::WelcomeController#index as HTML
  Rendered /Users/macosx/.rvm/gems/ruby-2.1.0/gems/railties-4.0.3/lib/rails/templates/rails/welcome/index.html.erb (20.9ms)
Completed 200 OK in 101ms (Views: 64.7ms | ActiveRecord: 0.0ms)


Started GET "/users" for 127.0.0.1 at 2014-05-09 23:07:33 +0300
Processing by UsersController#index as HTML
  [1m[35mUser Load (0.3ms)[0m  SELECT `users`.* FROM `users`
  Rendered users/index.html.erb within layouts/application (2.2ms)
Completed 200 OK in 2421ms (Views: 2416.6ms | ActiveRecord: 0.3ms)


Started GET "/assets/transport_card_types.css?body=1" for 127.0.0.1 at 2014-05-09 23:07:36 +0300


Started GET "/assets/users.css?body=1" for 127.0.0.1 at 2014-05-09 23:07:36 +0300


Started GET "/assets/jquery_ujs.js?body=1" for 127.0.0.1 at 2014-05-09 23:07:36 +0300


Started GET "/assets/jquery.js?body=1" for 127.0.0.1 at 2014-05-09 23:07:36 +0300


Started GET "/assets/users.js?body=1" for 127.0.0.1 at 2014-05-09 23:07:36 +0300


Started GET "/assets/turbolinks.js?body=1" for 127.0.0.1 at 2014-05-09 23:07:36 +0300


Started GET "/assets/application.css?body=1" for 127.0.0.1 at 2014-05-09 23:07:36 +0300


Started GET "/assets/transport_card_types.js?body=1" for 127.0.0.1 at 2014-05-09 23:07:36 +0300


Started GET "/assets/scaffolds.css?body=1" for 127.0.0.1 at 2014-05-09 23:07:36 +0300


Started GET "/assets/application.js?body=1" for 127.0.0.1 at 2014-05-09 23:07:36 +0300


Started GET "/users/new" for 127.0.0.1 at 2014-05-09 23:07:39 +0300
Processing by UsersController#new as HTML
  Rendered users/_form.html.erb (148.1ms)
  Rendered users/new.html.erb within layouts/application (169.2ms)
Completed 200 OK in 246ms (Views: 202.0ms | ActiveRecord: 24.2ms)


Started POST "/users" for 127.0.0.1 at 2014-05-09 23:07:41 +0300
Processing by UsersController#create as HTML
  Parameters: {"utf8"=>"✓", "authenticity_token"=>"UYRfeid2Kq8WhQZxOrU5bC2Ti+ghne5uv31jQEnmwXg=", "user"=>{"email"=>"", "first_name"=>"", "last_name"=>"", "pin"=>"", "password"=>"[FILTERED]", "picture"=>""}, "commit"=>"Create User"}
  [1m[36m (0.2ms)[0m  [1mBEGIN[0m
  [1m[35mSQL (0.8ms)[0m  INSERT INTO `users` (`created_at`, `email`, `first_name`, `last_name`, `password`, `picture`, `pin`, `updated_at`) VALUES ('2014-05-09 20:07:41', '', '', '', '', '', '', '2014-05-09 20:07:41')
  [1m[36m (15.0ms)[0m  [1mCOMMIT[0m
Redirected to http://localhost:3000/users/1
Completed 302 Found in 57ms (ActiveRecord: 16.0ms)


Started GET "/users/1" for 127.0.0.1 at 2014-05-09 23:07:41 +0300
Processing by UsersController#show as HTML
  Parameters: {"id"=>"1"}
  [1m[35mUser Load (3.2ms)[0m  SELECT `users`.* FROM `users` WHERE `users`.`id` = 1 LIMIT 1
  Rendered users/show.html.erb within layouts/application (1.4ms)
Completed 200 OK in 19ms (Views: 7.5ms | ActiveRecord: 3.2ms)


Started GET "/assets/jquery_ujs.js?body=1" for 127.0.0.1 at 2014-05-09 23:07:41 +0300


Started GET "/assets/application.css?body=1" for 127.0.0.1 at 2014-05-09 23:07:41 +0300


Started GET "/assets/application.js?body=1" for 127.0.0.1 at 2014-05-09 23:07:41 +0300


Started GET "/assets/jquery.js?body=1" for 127.0.0.1 at 2014-05-09 23:07:41 +0300


Started GET "/users" for 127.0.0.1 at 2014-05-09 23:07:46 +0300
Processing by UsersController#index as HTML
  [1m[36mUser Load (0.4ms)[0m  [1mSELECT `users`.* FROM `users`[0m
  Rendered users/index.html.erb within layouts/application (3.0ms)
Completed 200 OK in 15ms (Views: 12.9ms | ActiveRecord: 0.4ms)


Started DELETE "/users/1" for 127.0.0.1 at 2014-05-09 23:07:49 +0300
Processing by UsersController#destroy as HTML
  Parameters: {"authenticity_token"=>"UYRfeid2Kq8WhQZxOrU5bC2Ti+ghne5uv31jQEnmwXg=", "id"=>"1"}
  [1m[35mUser Load (0.4ms)[0m  SELECT `users`.* FROM `users` WHERE `users`.`id` = 1 LIMIT 1
  [1m[36m (0.2ms)[0m  [1mBEGIN[0m
  [1m[35mSQL (0.4ms)[0m  DELETE FROM `users` WHERE `users`.`id` = 1
  [1m[36m (39.2ms)[0m  [1mCOMMIT[0m
Redirected to http://localhost:3000/users
Completed 302 Found in 47ms (ActiveRecord: 40.1ms)


Started GET "/users" for 127.0.0.1 at 2014-05-09 23:07:49 +0300
Processing by UsersController#index as HTML
  [1m[35mUser Load (0.4ms)[0m  SELECT `users`.* FROM `users`
  Rendered users/index.html.erb within layouts/application (1.1ms)
Completed 200 OK in 8ms (Views: 6.6ms | ActiveRecord: 0.4ms)


Started GET "/assets/application.css?body=1" for 127.0.0.1 at 2014-05-09 23:07:49 +0300


Started GET "/assets/jquery.js?body=1" for 127.0.0.1 at 2014-05-09 23:07:49 +0300


Started GET "/assets/application.js?body=1" for 127.0.0.1 at 2014-05-09 23:07:49 +0300


Started GET "/assets/jquery_ujs.js?body=1" for 127.0.0.1 at 2014-05-09 23:07:49 +0300
  [1m[36mActiveRecord::SchemaMigration Load (0.2ms)[0m  [1mSELECT `schema_migrations`.* FROM `schema_migrations`[0m
Migrating to CreateVehicleDevices (20140509202604)
  [1m[35m (110.8ms)[0m  CREATE TABLE `vehicle_devices` (`id` int(11) DEFAULT NULL auto_increment PRIMARY KEY, `unique_id` varchar(255) NOT NULL, `major` int(11), `minor` int(11), `created_at` datetime, `updated_at` datetime) ENGINE=InnoDB
  [1m[36m (0.2ms)[0m  [1mBEGIN[0m
  [1m[35mSQL (0.3ms)[0m  INSERT INTO `schema_migrations` (`version`) VALUES ('20140509202604')
  [1m[36m (0.5ms)[0m  [1mCOMMIT[0m
  [1m[35mActiveRecord::SchemaMigration Load (0.2ms)[0m  SELECT `schema_migrations`.* FROM `schema_migrations`
  [1m[36mActiveRecord::SchemaMigration Load (0.2ms)[0m  [1mSELECT `schema_migrations`.* FROM `schema_migrations`[0m
Migrating to CreateLines (20140509202939)
  [1m[36mActiveRecord::SchemaMigration Load (0.3ms)[0m  [1mSELECT `schema_migrations`.* FROM `schema_migrations`[0m
Migrating to CreateLines (20140509202939)
  [1m[35m (82.8ms)[0m  CREATE TABLE `lines` (`id` int(11) DEFAULT NULL auto_increment PRIMARY KEY, `name` varchar(255) NOT NULL, `price` decimal(8,2), `created_at` datetime, `updated_at` datetime) ENGINE=InnoDB
  [1m[36m (0.5ms)[0m  [1mBEGIN[0m
  [1m[35mSQL (0.8ms)[0m  INSERT INTO `schema_migrations` (`version`) VALUES ('20140509202939')
  [1m[36m (0.5ms)[0m  [1mCOMMIT[0m
  [1m[35mActiveRecord::SchemaMigration Load (0.3ms)[0m  SELECT `schema_migrations`.* FROM `schema_migrations`
  [1m[36mActiveRecord::SchemaMigration Load (0.3ms)[0m  [1mSELECT `schema_migrations`.* FROM `schema_migrations`[0m
Migrating to CreateLineDevices (20140509203647)
  [1m[35m (92.1ms)[0m  CREATE TABLE `line_devices` (`id` int(11) DEFAULT NULL auto_increment PRIMARY KEY, `line_id` int(11) NOT NULL, `vehicle_device_id` int(11) NOT NULL, `created_at` datetime, `updated_at` datetime) ENGINE=InnoDB
  [1m[36m (0.2ms)[0m  [1mBEGIN[0m
  [1m[35mSQL (0.3ms)[0m  INSERT INTO `schema_migrations` (`version`) VALUES ('20140509203647')
  [1m[36m (0.5ms)[0m  [1mCOMMIT[0m
  [1m[35mActiveRecord::SchemaMigration Load (0.2ms)[0m  SELECT `schema_migrations`.* FROM `schema_migrations`
  [1m[36m (0.1ms)[0m  [1mSELECT DATABASE()[0m
  [1m[35m (0.2ms)[0m  SELECT table_comment FROM INFORMATION_SCHEMA.TABLES
 WHERE table_schema = 'tickey'
 AND table_name = 'line_devices'

  [1m[36m (2.6ms)[0m  [1mSELECT column_name, column_comment FROM INFORMATION_SCHEMA.COLUMNS
 WHERE table_schema = 'tickey'
 AND table_name = 'line_devices' 
[0m
  [1m[35m (0.3ms)[0m  SELECT table_comment FROM INFORMATION_SCHEMA.TABLES
 WHERE table_schema = 'tickey'
 AND table_name = 'lines'

  [1m[36m (2.6ms)[0m  [1mSELECT column_name, column_comment FROM INFORMATION_SCHEMA.COLUMNS
 WHERE table_schema = 'tickey'
 AND table_name = 'lines' 
[0m
  [1m[35m (0.2ms)[0m  SELECT table_comment FROM INFORMATION_SCHEMA.TABLES
 WHERE table_schema = 'tickey'
 AND table_name = 'transport_card_types'

  [1m[36m (2.7ms)[0m  [1mSELECT column_name, column_comment FROM INFORMATION_SCHEMA.COLUMNS
 WHERE table_schema = 'tickey'
 AND table_name = 'transport_card_types' 
[0m
  [1m[35m (0.2ms)[0m  SELECT table_comment FROM INFORMATION_SCHEMA.TABLES
 WHERE table_schema = 'tickey'
 AND table_name = 'users'

  [1m[36m (3.8ms)[0m  [1mSELECT column_name, column_comment FROM INFORMATION_SCHEMA.COLUMNS
 WHERE table_schema = 'tickey'
 AND table_name = 'users' 
[0m
  [1m[35m (0.2ms)[0m  SELECT table_comment FROM INFORMATION_SCHEMA.TABLES
 WHERE table_schema = 'tickey'
 AND table_name = 'vehicle_devices'

  [1m[36m (3.1ms)[0m  [1mSELECT column_name, column_comment FROM INFORMATION_SCHEMA.COLUMNS
 WHERE table_schema = 'tickey'
 AND table_name = 'vehicle_devices' 
[0m
  [1m[35m (0.3ms)[0m  
 SELECT fk.referenced_table_name as 'to_table'
 ,fk.referenced_column_name as 'primary_key'
 ,fk.column_name as 'column'
 ,fk.constraint_name as 'name'
 FROM information_schema.key_column_usage fk
 WHERE fk.referenced_column_name is not null
 AND fk.table_schema = 'TicKey'
 AND fk.table_name = 'line_devices'
 
  [1m[36m (0.2ms)[0m  [1mSHOW CREATE TABLE `line_devices`[0m
  [1m[35m (0.2ms)[0m  
 SELECT fk.referenced_table_name as 'to_table'
 ,fk.referenced_column_name as 'primary_key'
 ,fk.column_name as 'column'
 ,fk.constraint_name as 'name'
 FROM information_schema.key_column_usage fk
 WHERE fk.referenced_column_name is not null
 AND fk.table_schema = 'TicKey'
 AND fk.table_name = 'lines'
 
  [1m[36m (0.1ms)[0m  [1mSHOW CREATE TABLE `lines`[0m
  [1m[35m (0.2ms)[0m  
 SELECT fk.referenced_table_name as 'to_table'
 ,fk.referenced_column_name as 'primary_key'
 ,fk.column_name as 'column'
 ,fk.constraint_name as 'name'
 FROM information_schema.key_column_usage fk
 WHERE fk.referenced_column_name is not null
 AND fk.table_schema = 'TicKey'
 AND fk.table_name = 'transport_card_types'
 
  [1m[36m (0.1ms)[0m  [1mSHOW CREATE TABLE `transport_card_types`[0m
  [1m[35m (0.2ms)[0m  
 SELECT fk.referenced_table_name as 'to_table'
 ,fk.referenced_column_name as 'primary_key'
 ,fk.column_name as 'column'
 ,fk.constraint_name as 'name'
 FROM information_schema.key_column_usage fk
 WHERE fk.referenced_column_name is not null
 AND fk.table_schema = 'TicKey'
 AND fk.table_name = 'users'
 
  [1m[36m (0.1ms)[0m  [1mSHOW CREATE TABLE `users`[0m
  [1m[35m (0.2ms)[0m  
 SELECT fk.referenced_table_name as 'to_table'
 ,fk.referenced_column_name as 'primary_key'
 ,fk.column_name as 'column'
 ,fk.constraint_name as 'name'
 FROM information_schema.key_column_usage fk
 WHERE fk.referenced_column_name is not null
 AND fk.table_schema = 'TicKey'
 AND fk.table_name = 'vehicle_devices'
 
  [1m[36m (0.2ms)[0m  [1mSHOW CREATE TABLE `vehicle_devices`[0m
  [1m[36mActiveRecord::SchemaMigration Load (0.3ms)[0m  [1mSELECT `schema_migrations`.* FROM `schema_migrations`[0m
Migrating to CreateCardPurches (20140509204518)
  [1m[35m (97.3ms)[0m  CREATE TABLE `card_purches` (`id` int(11) DEFAULT NULL auto_increment PRIMARY KEY, `user_id` int(11) NOT NULL, `transport_card_type_id` int(11) NOT NULL, `line_id` int(11) NOT NULL, `expire_date` datetime, `created_at` datetime, `updated_at` datetime) ENGINE=InnoDB
  [1m[36m (326.2ms)[0m  [1mALTER TABLE `card_purches` ADD CONSTRAINT `card_purches_user_id_fk` FOREIGN KEY (`user_id`) REFERENCES `users`(id) ON DELETE CASCADE[0m
  [1m[35m (223.7ms)[0m  ALTER TABLE `card_purches` ADD CONSTRAINT `card_purches_transport_card_type_id_fk` FOREIGN KEY (`transport_card_type_id`) REFERENCES `transport_card_types`(id) ON DELETE CASCADE
  [1m[36m (215.4ms)[0m  [1mALTER TABLE `card_purches` ADD CONSTRAINT `card_purches_line_id_fk` FOREIGN KEY (`line_id`) REFERENCES `lines`(id) ON DELETE CASCADE[0m
  [1m[35m (0.2ms)[0m  BEGIN
  [1m[36mSQL (0.8ms)[0m  [1mINSERT INTO `schema_migrations` (`version`) VALUES ('20140509204518')[0m
  [1m[35m (0.3ms)[0m  COMMIT
  [1m[36mActiveRecord::SchemaMigration Load (0.2ms)[0m  [1mSELECT `schema_migrations`.* FROM `schema_migrations`[0m
  [1m[35m (0.1ms)[0m  SELECT DATABASE()
  [1m[36m (0.2ms)[0m  [1mSELECT table_comment FROM INFORMATION_SCHEMA.TABLES
 WHERE table_schema = 'tickey'
 AND table_name = 'card_purches'
[0m
  [1m[35m (1.9ms)[0m  SELECT column_name, column_comment FROM INFORMATION_SCHEMA.COLUMNS
 WHERE table_schema = 'tickey'
 AND table_name = 'card_purches' 

  [1m[36m (0.2ms)[0m  [1mSELECT table_comment FROM INFORMATION_SCHEMA.TABLES
 WHERE table_schema = 'tickey'
 AND table_name = 'line_devices'
[0m
  [1m[35m (1.2ms)[0m  SELECT column_name, column_comment FROM INFORMATION_SCHEMA.COLUMNS
 WHERE table_schema = 'tickey'
 AND table_name = 'line_devices' 

  [1m[36m (0.2ms)[0m  [1mSELECT table_comment FROM INFORMATION_SCHEMA.TABLES
 WHERE table_schema = 'tickey'
 AND table_name = 'lines'
[0m
  [1m[35m (2.1ms)[0m  SELECT column_name, column_comment FROM INFORMATION_SCHEMA.COLUMNS
 WHERE table_schema = 'tickey'
 AND table_name = 'lines' 

  [1m[36m (0.2ms)[0m  [1mSELECT table_comment FROM INFORMATION_SCHEMA.TABLES
 WHERE table_schema = 'tickey'
 AND table_name = 'transport_card_types'
[0m
  [1m[35m (2.5ms)[0m  SELECT column_name, column_comment FROM INFORMATION_SCHEMA.COLUMNS
 WHERE table_schema = 'tickey'
 AND table_name = 'transport_card_types' 

  [1m[36m (0.2ms)[0m  [1mSELECT table_comment FROM INFORMATION_SCHEMA.TABLES
 WHERE table_schema = 'tickey'
 AND table_name = 'users'
[0m
  [1m[35m (2.0ms)[0m  SELECT column_name, column_comment FROM INFORMATION_SCHEMA.COLUMNS
 WHERE table_schema = 'tickey'
 AND table_name = 'users' 

  [1m[36m (0.2ms)[0m  [1mSELECT table_comment FROM INFORMATION_SCHEMA.TABLES
 WHERE table_schema = 'tickey'
 AND table_name = 'vehicle_devices'
[0m
  [1m[35m (2.5ms)[0m  SELECT column_name, column_comment FROM INFORMATION_SCHEMA.COLUMNS
 WHERE table_schema = 'tickey'
 AND table_name = 'vehicle_devices' 

  [1m[36m (0.4ms)[0m  [1m
 SELECT fk.referenced_table_name as 'to_table'
 ,fk.referenced_column_name as 'primary_key'
 ,fk.column_name as 'column'
 ,fk.constraint_name as 'name'
 FROM information_schema.key_column_usage fk
 WHERE fk.referenced_column_name is not null
 AND fk.table_schema = 'TicKey'
 AND fk.table_name = 'card_purches'
 [0m
  [1m[35m (0.2ms)[0m  SHOW CREATE TABLE `card_purches`
  [1m[36m (0.5ms)[0m  [1m
 SELECT fk.referenced_table_name as 'to_table'
 ,fk.referenced_column_name as 'primary_key'
 ,fk.column_name as 'column'
 ,fk.constraint_name as 'name'
 FROM information_schema.key_column_usage fk
 WHERE fk.referenced_column_name is not null
 AND fk.table_schema = 'TicKey'
 AND fk.table_name = 'line_devices'
 [0m
  [1m[35m (0.2ms)[0m  SHOW CREATE TABLE `line_devices`
  [1m[36m (0.3ms)[0m  [1m
 SELECT fk.referenced_table_name as 'to_table'
 ,fk.referenced_column_name as 'primary_key'
 ,fk.column_name as 'column'
 ,fk.constraint_name as 'name'
 FROM information_schema.key_column_usage fk
 WHERE fk.referenced_column_name is not null
 AND fk.table_schema = 'TicKey'
 AND fk.table_name = 'lines'
 [0m
  [1m[35m (0.2ms)[0m  SHOW CREATE TABLE `lines`
  [1m[36m (0.3ms)[0m  [1m
 SELECT fk.referenced_table_name as 'to_table'
 ,fk.referenced_column_name as 'primary_key'
 ,fk.column_name as 'column'
 ,fk.constraint_name as 'name'
 FROM information_schema.key_column_usage fk
 WHERE fk.referenced_column_name is not null
 AND fk.table_schema = 'TicKey'
 AND fk.table_name = 'transport_card_types'
 [0m
  [1m[35m (0.2ms)[0m  SHOW CREATE TABLE `transport_card_types`
  [1m[36m (0.3ms)[0m  [1m
 SELECT fk.referenced_table_name as 'to_table'
 ,fk.referenced_column_name as 'primary_key'
 ,fk.column_name as 'column'
 ,fk.constraint_name as 'name'
 FROM information_schema.key_column_usage fk
 WHERE fk.referenced_column_name is not null
 AND fk.table_schema = 'TicKey'
 AND fk.table_name = 'users'
 [0m
  [1m[35m (0.2ms)[0m  SHOW CREATE TABLE `users`
  [1m[36m (0.3ms)[0m  [1m
 SELECT fk.referenced_table_name as 'to_table'
 ,fk.referenced_column_name as 'primary_key'
 ,fk.column_name as 'column'
 ,fk.constraint_name as 'name'
 FROM information_schema.key_column_usage fk
 WHERE fk.referenced_column_name is not null
 AND fk.table_schema = 'TicKey'
 AND fk.table_name = 'vehicle_devices'
 [0m
  [1m[35m (0.2ms)[0m  SHOW CREATE TABLE `vehicle_devices`


Started GET "/transport_card_types" for 127.0.0.1 at 2014-05-09 23:48:44 +0300
  [1m[36mActiveRecord::SchemaMigration Load (0.3ms)[0m  [1mSELECT `schema_migrations`.* FROM `schema_migrations`[0m
Processing by TransportCardTypesController#index as HTML
  [1m[35mTransportCardType Load (0.4ms)[0m  SELECT `transport_card_types`.* FROM `transport_card_types`
  Rendered transport_card_types/index.html.erb within layouts/application (3.8ms)
Completed 200 OK in 567ms (Views: 541.3ms | ActiveRecord: 0.4ms)


Started GET "/assets/card_purches.css?body=1" for 127.0.0.1 at 2014-05-09 23:48:45 +0300


Started GET "/assets/line_devices.css?body=1" for 127.0.0.1 at 2014-05-09 23:48:45 +0300


Started GET "/assets/transport_card_types.css?body=1" for 127.0.0.1 at 2014-05-09 23:48:45 +0300


Started GET "/assets/users.css?body=1" for 127.0.0.1 at 2014-05-09 23:48:45 +0300


Started GET "/assets/vehicle_devices.css?body=1" for 127.0.0.1 at 2014-05-09 23:48:45 +0300


Started GET "/assets/lines.css?body=1" for 127.0.0.1 at 2014-05-09 23:48:45 +0300


Started GET "/assets/card_purches.js?body=1" for 127.0.0.1 at 2014-05-09 23:48:45 +0300


Started GET "/assets/lines.js?body=1" for 127.0.0.1 at 2014-05-09 23:48:45 +0300


Started GET "/assets/line_devices.js?body=1" for 127.0.0.1 at 2014-05-09 23:48:45 +0300


Started GET "/assets/vehicle_devices.js?body=1" for 127.0.0.1 at 2014-05-09 23:48:45 +0300


Started GET "/assets/jquery.js?body=1" for 127.0.0.1 at 2014-05-09 23:48:45 +0300


Started GET "/assets/scaffolds.css?body=1" for 127.0.0.1 at 2014-05-09 23:48:45 +0300


Started GET "/assets/jquery_ujs.js?body=1" for 127.0.0.1 at 2014-05-09 23:48:45 +0300


Started GET "/assets/turbolinks.js?body=1" for 127.0.0.1 at 2014-05-09 23:48:45 +0300


Started GET "/assets/transport_card_types.js?body=1" for 127.0.0.1 at 2014-05-09 23:48:45 +0300


Started GET "/assets/application.css?body=1" for 127.0.0.1 at 2014-05-09 23:48:45 +0300


Started GET "/assets/users.js?body=1" for 127.0.0.1 at 2014-05-09 23:48:45 +0300


Started GET "/assets/application.js?body=1" for 127.0.0.1 at 2014-05-09 23:48:45 +0300


Started GET "/transport_card_types/new" for 127.0.0.1 at 2014-05-09 23:48:48 +0300
Processing by TransportCardTypesController#new as HTML
  Rendered transport_card_types/_form.html.erb (44.2ms)
  Rendered transport_card_types/new.html.erb within layouts/application (50.7ms)
Completed 200 OK in 102ms (Views: 66.8ms | ActiveRecord: 28.2ms)


Started POST "/transport_card_types" for 127.0.0.1 at 2014-05-09 23:48:50 +0300
Processing by TransportCardTypesController#create as HTML
  Parameters: {"utf8"=>"✓", "authenticity_token"=>"UYRfeid2Kq8WhQZxOrU5bC2Ti+ghne5uv31jQEnmwXg=", "transport_card_type"=>{"name"=>""}, "commit"=>"Create Transport card type"}
  [1m[36m (0.2ms)[0m  [1mBEGIN[0m
  [1m[35m (0.2ms)[0m  ROLLBACK
  Rendered transport_card_types/_form.html.erb (3.6ms)
  Rendered transport_card_types/new.html.erb within layouts/application (5.4ms)
Completed 200 OK in 21ms (Views: 14.7ms | ActiveRecord: 0.4ms)


Started GET "/assets/application.css?body=1" for 127.0.0.1 at 2014-05-09 23:48:50 +0300


Started GET "/assets/scaffolds.css?body=1" for 127.0.0.1 at 2014-05-09 23:48:50 +0300


Started GET "/assets/transport_card_types.css?body=1" for 127.0.0.1 at 2014-05-09 23:48:50 +0300


Started GET "/assets/users.js?body=1" for 127.0.0.1 at 2014-05-09 23:48:50 +0300


Started GET "/assets/application.js?body=1" for 127.0.0.1 at 2014-05-09 23:48:50 +0300


Started GET "/assets/jquery_ujs.js?body=1" for 127.0.0.1 at 2014-05-09 23:48:50 +0300


Started GET "/assets/turbolinks.js?body=1" for 127.0.0.1 at 2014-05-09 23:48:50 +0300


Started GET "/assets/transport_card_types.js?body=1" for 127.0.0.1 at 2014-05-09 23:48:50 +0300


Started GET "/assets/users.css?body=1" for 127.0.0.1 at 2014-05-09 23:48:50 +0300


Started GET "/assets/jquery.js?body=1" for 127.0.0.1 at 2014-05-09 23:48:50 +0300


Started POST "/transport_card_types" for 127.0.0.1 at 2014-05-09 23:48:55 +0300
Processing by TransportCardTypesController#create as HTML
  Parameters: {"utf8"=>"✓", "authenticity_token"=>"UYRfeid2Kq8WhQZxOrU5bC2Ti+ghne5uv31jQEnmwXg=", "transport_card_type"=>{"name"=>"Test"}, "commit"=>"Create Transport card type"}
  [1m[36m (0.2ms)[0m  [1mBEGIN[0m
  [1m[35mSQL (0.3ms)[0m  INSERT INTO `transport_card_types` (`created_at`, `name`, `updated_at`) VALUES ('2014-05-09 20:48:55', 'Test', '2014-05-09 20:48:55')
  [1m[36m (19.2ms)[0m  [1mCOMMIT[0m
Redirected to http://localhost:3000/transport_card_types/1
Completed 302 Found in 26ms (ActiveRecord: 19.7ms)


Started GET "/transport_card_types/1" for 127.0.0.1 at 2014-05-09 23:48:55 +0300
Processing by TransportCardTypesController#show as HTML
  Parameters: {"id"=>"1"}
  [1m[35mTransportCardType Load (1.1ms)[0m  SELECT `transport_card_types`.* FROM `transport_card_types` WHERE `transport_card_types`.`id` = 1 LIMIT 1
  Rendered transport_card_types/show.html.erb within layouts/application (1.1ms)
Completed 200 OK in 21ms (Views: 16.8ms | ActiveRecord: 1.1ms)


Started GET "/assets/scaffolds.css?body=1" for 127.0.0.1 at 2014-05-09 23:48:56 +0300


Started GET "/assets/jquery.js?body=1" for 127.0.0.1 at 2014-05-09 23:48:56 +0300


Started GET "/assets/jquery_ujs.js?body=1" for 127.0.0.1 at 2014-05-09 23:48:56 +0300


Started GET "/assets/transport_card_types.css?body=1" for 127.0.0.1 at 2014-05-09 23:48:56 +0300


Started GET "/assets/users.css?body=1" for 127.0.0.1 at 2014-05-09 23:48:56 +0300


Started GET "/assets/transport_card_types.js?body=1" for 127.0.0.1 at 2014-05-09 23:48:56 +0300


Started GET "/assets/users.js?body=1" for 127.0.0.1 at 2014-05-09 23:48:56 +0300


Started GET "/assets/application.css?body=1" for 127.0.0.1 at 2014-05-09 23:48:56 +0300


Started GET "/assets/application.js?body=1" for 127.0.0.1 at 2014-05-09 23:48:56 +0300


Started GET "/assets/turbolinks.js?body=1" for 127.0.0.1 at 2014-05-09 23:48:56 +0300


Started GET "/transport_card_types" for 127.0.0.1 at 2014-05-09 23:48:57 +0300
Processing by TransportCardTypesController#index as HTML
  [1m[36mTransportCardType Load (0.3ms)[0m  [1mSELECT `transport_card_types`.* FROM `transport_card_types`[0m
  Rendered transport_card_types/index.html.erb within layouts/application (2.8ms)
Completed 200 OK in 14ms (Views: 11.9ms | ActiveRecord: 0.3ms)


Started GET "/vehicle_devices" for 127.0.0.1 at 2014-05-09 23:51:39 +0300
Processing by VehicleDevicesController#index as HTML
  [1m[35mVehicleDevice Load (0.4ms)[0m  SELECT `vehicle_devices`.* FROM `vehicle_devices`
  Rendered vehicle_devices/index.html.erb within layouts/application (2.6ms)
Completed 200 OK in 15ms (Views: 11.5ms | ActiveRecord: 0.4ms)


Started GET "/assets/card_purches.css?body=1" for 127.0.0.1 at 2014-05-09 23:51:39 +0300


Started GET "/assets/line_devices.css?body=1" for 127.0.0.1 at 2014-05-09 23:51:39 +0300


Started GET "/assets/lines.css?body=1" for 127.0.0.1 at 2014-05-09 23:51:39 +0300


Started GET "/assets/application.css?body=1" for 127.0.0.1 at 2014-05-09 23:51:39 +0300


Started GET "/assets/jquery_ujs.js?body=1" for 127.0.0.1 at 2014-05-09 23:51:39 +0300


Started GET "/assets/turbolinks.js?body=1" for 127.0.0.1 at 2014-05-09 23:51:39 +0300


Started GET "/assets/transport_card_types.css?body=1" for 127.0.0.1 at 2014-05-09 23:51:39 +0300


Started GET "/assets/vehicle_devices.css?body=1" for 127.0.0.1 at 2014-05-09 23:51:39 +0300


Started GET "/assets/jquery.js?body=1" for 127.0.0.1 at 2014-05-09 23:51:39 +0300


Started GET "/assets/users.css?body=1" for 127.0.0.1 at 2014-05-09 23:51:39 +0300


Started GET "/assets/scaffolds.css?body=1" for 127.0.0.1 at 2014-05-09 23:51:39 +0300


Started GET "/assets/card_purches.js?body=1" for 127.0.0.1 at 2014-05-09 23:51:39 +0300


Started GET "/assets/line_devices.js?body=1" for 127.0.0.1 at 2014-05-09 23:51:39 +0300


Started GET "/assets/lines.js?body=1" for 127.0.0.1 at 2014-05-09 23:51:39 +0300


Started GET "/assets/transport_card_types.js?body=1" for 127.0.0.1 at 2014-05-09 23:51:40 +0300


Started GET "/assets/users.js?body=1" for 127.0.0.1 at 2014-05-09 23:51:40 +0300


Started GET "/assets/vehicle_devices.js?body=1" for 127.0.0.1 at 2014-05-09 23:51:40 +0300


Started GET "/assets/application.js?body=1" for 127.0.0.1 at 2014-05-09 23:51:40 +0300


Started GET "/vehicle_devices/new" for 127.0.0.1 at 2014-05-09 23:51:41 +0300
Processing by VehicleDevicesController#new as HTML
  Rendered vehicle_devices/_form.html.erb (25.8ms)
  Rendered vehicle_devices/new.html.erb within layouts/application (27.7ms)
Completed 200 OK in 59ms (Views: 38.4ms | ActiveRecord: 18.6ms)


Started POST "/vehicle_devices" for 127.0.0.1 at 2014-05-09 23:51:42 +0300
Processing by VehicleDevicesController#create as HTML
  Parameters: {"utf8"=>"✓", "authenticity_token"=>"UYRfeid2Kq8WhQZxOrU5bC2Ti+ghne5uv31jQEnmwXg=", "vehicle_device"=>{"unique_id"=>"", "major"=>"", "minor"=>""}, "commit"=>"Create Vehicle device"}
  [1m[36m (0.2ms)[0m  [1mBEGIN[0m
  [1m[35mVehicleDevice Exists (0.5ms)[0m  SELECT 1 AS one FROM `vehicle_devices` WHERE `vehicle_devices`.`unique_id` = BINARY '' LIMIT 1
  [1m[36m (0.2ms)[0m  [1mROLLBACK[0m
  Rendered vehicle_devices/_form.html.erb (4.3ms)
  Rendered vehicle_devices/new.html.erb within layouts/application (5.9ms)
Completed 200 OK in 72ms (Views: 14.6ms | ActiveRecord: 0.9ms)


Started GET "/assets/application.css?body=1" for 127.0.0.1 at 2014-05-09 23:51:42 +0300


Started GET "/assets/card_purches.css?body=1" for 127.0.0.1 at 2014-05-09 23:51:42 +0300


Started GET "/assets/lines.css?body=1" for 127.0.0.1 at 2014-05-09 23:51:42 +0300


Started GET "/assets/line_devices.css?body=1" for 127.0.0.1 at 2014-05-09 23:51:42 +0300


Started GET "/assets/scaffolds.css?body=1" for 127.0.0.1 at 2014-05-09 23:51:42 +0300


Started GET "/assets/transport_card_types.css?body=1" for 127.0.0.1 at 2014-05-09 23:51:42 +0300


Started GET "/assets/card_purches.js?body=1" for 127.0.0.1 at 2014-05-09 23:51:42 +0300


Started GET "/assets/vehicle_devices.css?body=1" for 127.0.0.1 at 2014-05-09 23:51:42 +0300


Started GET "/assets/jquery.js?body=1" for 127.0.0.1 at 2014-05-09 23:51:42 +0300


Started GET "/assets/jquery_ujs.js?body=1" for 127.0.0.1 at 2014-05-09 23:51:42 +0300


Started GET "/assets/turbolinks.js?body=1" for 127.0.0.1 at 2014-05-09 23:51:42 +0300


Started GET "/assets/users.css?body=1" for 127.0.0.1 at 2014-05-09 23:51:42 +0300


Started GET "/assets/line_devices.js?body=1" for 127.0.0.1 at 2014-05-09 23:51:42 +0300


Started GET "/assets/lines.js?body=1" for 127.0.0.1 at 2014-05-09 23:51:42 +0300


Started GET "/assets/users.js?body=1" for 127.0.0.1 at 2014-05-09 23:51:42 +0300


Started GET "/assets/transport_card_types.js?body=1" for 127.0.0.1 at 2014-05-09 23:51:42 +0300


Started GET "/assets/vehicle_devices.js?body=1" for 127.0.0.1 at 2014-05-09 23:51:42 +0300


Started GET "/assets/application.js?body=1" for 127.0.0.1 at 2014-05-09 23:51:42 +0300


Started POST "/vehicle_devices" for 127.0.0.1 at 2014-05-09 23:51:48 +0300
Processing by VehicleDevicesController#create as HTML
  Parameters: {"utf8"=>"✓", "authenticity_token"=>"UYRfeid2Kq8WhQZxOrU5bC2Ti+ghne5uv31jQEnmwXg=", "vehicle_device"=>{"unique_id"=>"gosho", "major"=>"", "minor"=>""}, "commit"=>"Create Vehicle device"}
  [1m[35m (0.2ms)[0m  BEGIN
  [1m[36mVehicleDevice Exists (0.4ms)[0m  [1mSELECT 1 AS one FROM `vehicle_devices` WHERE `vehicle_devices`.`unique_id` = BINARY 'gosho' LIMIT 1[0m
  [1m[35mSQL (0.3ms)[0m  INSERT INTO `vehicle_devices` (`created_at`, `unique_id`, `updated_at`) VALUES ('2014-05-09 20:51:48', 'gosho', '2014-05-09 20:51:48')
  [1m[36m (16.1ms)[0m  [1mCOMMIT[0m
Redirected to http://localhost:3000/vehicle_devices/1
Completed 302 Found in 23ms (ActiveRecord: 17.1ms)


Started GET "/vehicle_devices/1" for 127.0.0.1 at 2014-05-09 23:51:48 +0300
Processing by VehicleDevicesController#show as HTML
  Parameters: {"id"=>"1"}
  [1m[35mVehicleDevice Load (0.4ms)[0m  SELECT `vehicle_devices`.* FROM `vehicle_devices` WHERE `vehicle_devices`.`id` = 1 LIMIT 1
  Rendered vehicle_devices/show.html.erb within layouts/application (1.1ms)
Completed 200 OK in 17ms (Views: 14.5ms | ActiveRecord: 0.4ms)


Started GET "/assets/application.css?body=1" for 127.0.0.1 at 2014-05-09 23:51:49 +0300


Started GET "/assets/line_devices.css?body=1" for 127.0.0.1 at 2014-05-09 23:51:49 +0300


Started GET "/assets/scaffolds.css?body=1" for 127.0.0.1 at 2014-05-09 23:51:49 +0300


Started GET "/assets/transport_card_types.css?body=1" for 127.0.0.1 at 2014-05-09 23:51:49 +0300


Started GET "/assets/lines.css?body=1" for 127.0.0.1 at 2014-05-09 23:51:49 +0300


Started GET "/assets/users.css?body=1" for 127.0.0.1 at 2014-05-09 23:51:49 +0300


Started GET "/assets/vehicle_devices.css?body=1" for 127.0.0.1 at 2014-05-09 23:51:49 +0300


Started GET "/assets/jquery.js?body=1" for 127.0.0.1 at 2014-05-09 23:51:49 +0300


Started GET "/assets/lines.js?body=1" for 127.0.0.1 at 2014-05-09 23:51:49 +0300


Started GET "/assets/jquery_ujs.js?body=1" for 127.0.0.1 at 2014-05-09 23:51:49 +0300


Started GET "/assets/turbolinks.js?body=1" for 127.0.0.1 at 2014-05-09 23:51:49 +0300


Started GET "/assets/card_purches.js?body=1" for 127.0.0.1 at 2014-05-09 23:51:49 +0300


Started GET "/assets/line_devices.js?body=1" for 127.0.0.1 at 2014-05-09 23:51:49 +0300


Started GET "/assets/transport_card_types.js?body=1" for 127.0.0.1 at 2014-05-09 23:51:49 +0300


Started GET "/assets/users.js?body=1" for 127.0.0.1 at 2014-05-09 23:51:49 +0300


Started GET "/assets/card_purches.css?body=1" for 127.0.0.1 at 2014-05-09 23:51:49 +0300


Started GET "/assets/vehicle_devices.js?body=1" for 127.0.0.1 at 2014-05-09 23:51:49 +0300


Started GET "/assets/application.js?body=1" for 127.0.0.1 at 2014-05-09 23:51:49 +0300


Started GET "/vehicle_devices" for 127.0.0.1 at 2014-05-09 23:51:51 +0300
Processing by VehicleDevicesController#index as HTML
  [1m[36mVehicleDevice Load (2.0ms)[0m  [1mSELECT `vehicle_devices`.* FROM `vehicle_devices`[0m
  Rendered vehicle_devices/index.html.erb within layouts/application (8.3ms)
Completed 200 OK in 20ms (Views: 17.3ms | ActiveRecord: 2.0ms)


Started GET "/vehicle_devices/new" for 127.0.0.1 at 2014-05-09 23:51:52 +0300
Processing by VehicleDevicesController#new as HTML
  Rendered vehicle_devices/_form.html.erb (12.8ms)
  Rendered vehicle_devices/new.html.erb within layouts/application (14.0ms)
Completed 200 OK in 24ms (Views: 23.3ms | ActiveRecord: 0.0ms)


Started POST "/vehicle_devices" for 127.0.0.1 at 2014-05-09 23:51:56 +0300
Processing by VehicleDevicesController#create as HTML
  Parameters: {"utf8"=>"✓", "authenticity_token"=>"UYRfeid2Kq8WhQZxOrU5bC2Ti+ghne5uv31jQEnmwXg=", "vehicle_device"=>{"unique_id"=>"gosho", "major"=>"", "minor"=>""}, "commit"=>"Create Vehicle device"}
  [1m[35m (0.3ms)[0m  BEGIN
  [1m[36mVehicleDevice Exists (63.9ms)[0m  [1mSELECT 1 AS one FROM `vehicle_devices` WHERE `vehicle_devices`.`unique_id` = BINARY 'gosho' LIMIT 1[0m
  [1m[35m (0.2ms)[0m  ROLLBACK
  Rendered vehicle_devices/_form.html.erb (3.6ms)
  Rendered vehicle_devices/new.html.erb within layouts/application (4.9ms)
Completed 200 OK in 84ms (Views: 14.6ms | ActiveRecord: 64.4ms)


Started GET "/assets/application.css?body=1" for 127.0.0.1 at 2014-05-09 23:51:56 +0300


Started GET "/assets/card_purches.css?body=1" for 127.0.0.1 at 2014-05-09 23:51:56 +0300


Started GET "/assets/vehicle_devices.css?body=1" for 127.0.0.1 at 2014-05-09 23:51:56 +0300


Started GET "/assets/jquery.js?body=1" for 127.0.0.1 at 2014-05-09 23:51:57 +0300


Started GET "/assets/line_devices.css?body=1" for 127.0.0.1 at 2014-05-09 23:51:57 +0300


Started GET "/assets/transport_card_types.css?body=1" for 127.0.0.1 at 2014-05-09 23:51:57 +0300


Started GET "/assets/users.css?body=1" for 127.0.0.1 at 2014-05-09 23:51:57 +0300


Started GET "/assets/lines.css?body=1" for 127.0.0.1 at 2014-05-09 23:51:57 +0300


Started GET "/assets/scaffolds.css?body=1" for 127.0.0.1 at 2014-05-09 23:51:57 +0300


Started GET "/assets/turbolinks.js?body=1" for 127.0.0.1 at 2014-05-09 23:51:57 +0300


Started GET "/assets/card_purches.js?body=1" for 127.0.0.1 at 2014-05-09 23:51:57 +0300


Started GET "/assets/jquery_ujs.js?body=1" for 127.0.0.1 at 2014-05-09 23:51:57 +0300


Started GET "/assets/line_devices.js?body=1" for 127.0.0.1 at 2014-05-09 23:51:57 +0300


Started GET "/assets/transport_card_types.js?body=1" for 127.0.0.1 at 2014-05-09 23:51:57 +0300


Started GET "/assets/users.js?body=1" for 127.0.0.1 at 2014-05-09 23:51:57 +0300


Started GET "/assets/lines.js?body=1" for 127.0.0.1 at 2014-05-09 23:51:57 +0300


Started GET "/assets/vehicle_devices.js?body=1" for 127.0.0.1 at 2014-05-09 23:51:57 +0300


Started GET "/assets/application.js?body=1" for 127.0.0.1 at 2014-05-09 23:51:57 +0300


Started GET "/vehicle_devices" for 127.0.0.1 at 2014-05-09 23:52:03 +0300
Processing by VehicleDevicesController#index as HTML
  [1m[36mVehicleDevice Load (0.3ms)[0m  [1mSELECT `vehicle_devices`.* FROM `vehicle_devices`[0m
  Rendered vehicle_devices/index.html.erb within layouts/application (1.7ms)
Completed 200 OK in 12ms (Views: 11.0ms | ActiveRecord: 0.3ms)


Started GET "/assets/card_purches.css?body=1" for 127.0.0.1 at 2014-05-09 23:52:03 +0300


Started GET "/assets/line_devices.css?body=1" for 127.0.0.1 at 2014-05-09 23:52:03 +0300


Started GET "/assets/lines.css?body=1" for 127.0.0.1 at 2014-05-09 23:52:03 +0300


Started GET "/assets/jquery.js?body=1" for 127.0.0.1 at 2014-05-09 23:52:03 +0300


Started GET "/assets/jquery_ujs.js?body=1" for 127.0.0.1 at 2014-05-09 23:52:03 +0300


Started GET "/assets/transport_card_types.css?body=1" for 127.0.0.1 at 2014-05-09 23:52:03 +0300


Started GET "/assets/users.css?body=1" for 127.0.0.1 at 2014-05-09 23:52:03 +0300


Started GET "/assets/vehicle_devices.css?body=1" for 127.0.0.1 at 2014-05-09 23:52:03 +0300


Started GET "/assets/scaffolds.css?body=1" for 127.0.0.1 at 2014-05-09 23:52:03 +0300


Started GET "/assets/application.css?body=1" for 127.0.0.1 at 2014-05-09 23:52:03 +0300


Started GET "/assets/turbolinks.js?body=1" for 127.0.0.1 at 2014-05-09 23:52:03 +0300


Started GET "/assets/card_purches.js?body=1" for 127.0.0.1 at 2014-05-09 23:52:03 +0300


Started GET "/assets/application.js?body=1" for 127.0.0.1 at 2014-05-09 23:52:03 +0300


Started GET "/assets/line_devices.js?body=1" for 127.0.0.1 at 2014-05-09 23:52:03 +0300


Started GET "/assets/transport_card_types.js?body=1" for 127.0.0.1 at 2014-05-09 23:52:03 +0300


Started GET "/assets/users.js?body=1" for 127.0.0.1 at 2014-05-09 23:52:03 +0300


Started GET "/assets/vehicle_devices.js?body=1" for 127.0.0.1 at 2014-05-09 23:52:03 +0300


Started GET "/assets/lines.js?body=1" for 127.0.0.1 at 2014-05-09 23:52:03 +0300


Started GET "/lines" for 127.0.0.1 at 2014-05-09 23:52:43 +0300
Processing by LinesController#index as HTML
  [1m[35mLine Load (0.3ms)[0m  SELECT `lines`.* FROM `lines`
  Rendered lines/index.html.erb within layouts/application (1.9ms)
Completed 200 OK in 13ms (Views: 10.2ms | ActiveRecord: 0.3ms)


Started GET "/assets/card_purches.css?body=1" for 127.0.0.1 at 2014-05-09 23:52:44 +0300


Started GET "/assets/users.css?body=1" for 127.0.0.1 at 2014-05-09 23:52:44 +0300


Started GET "/assets/lines.css?body=1" for 127.0.0.1 at 2014-05-09 23:52:44 +0300


Started GET "/assets/scaffolds.css?body=1" for 127.0.0.1 at 2014-05-09 23:52:44 +0300


Started GET "/assets/jquery_ujs.js?body=1" for 127.0.0.1 at 2014-05-09 23:52:44 +0300


Started GET "/assets/turbolinks.js?body=1" for 127.0.0.1 at 2014-05-09 23:52:44 +0300


Started GET "/assets/vehicle_devices.css?body=1" for 127.0.0.1 at 2014-05-09 23:52:44 +0300


Started GET "/assets/jquery.js?body=1" for 127.0.0.1 at 2014-05-09 23:52:44 +0300


Started GET "/assets/transport_card_types.css?body=1" for 127.0.0.1 at 2014-05-09 23:52:44 +0300


Started GET "/assets/line_devices.css?body=1" for 127.0.0.1 at 2014-05-09 23:52:44 +0300


Started GET "/assets/application.css?body=1" for 127.0.0.1 at 2014-05-09 23:52:44 +0300


Started GET "/assets/lines.js?body=1" for 127.0.0.1 at 2014-05-09 23:52:44 +0300


Started GET "/assets/users.js?body=1" for 127.0.0.1 at 2014-05-09 23:52:44 +0300


Started GET "/assets/application.js?body=1" for 127.0.0.1 at 2014-05-09 23:52:44 +0300


Started GET "/assets/transport_card_types.js?body=1" for 127.0.0.1 at 2014-05-09 23:52:44 +0300


Started GET "/assets/line_devices.js?body=1" for 127.0.0.1 at 2014-05-09 23:52:44 +0300


Started GET "/assets/card_purches.js?body=1" for 127.0.0.1 at 2014-05-09 23:52:44 +0300


Started GET "/assets/vehicle_devices.js?body=1" for 127.0.0.1 at 2014-05-09 23:52:44 +0300


Started GET "/lines/new" for 127.0.0.1 at 2014-05-09 23:52:45 +0300
Processing by LinesController#new as HTML
  Rendered lines/_form.html.erb (8.0ms)
  Rendered lines/new.html.erb within layouts/application (9.9ms)
Completed 200 OK in 65ms (Views: 19.0ms | ActiveRecord: 39.1ms)


Started POST "/lines" for 127.0.0.1 at 2014-05-09 23:52:56 +0300
Processing by LinesController#create as HTML
  Parameters: {"utf8"=>"✓", "authenticity_token"=>"UYRfeid2Kq8WhQZxOrU5bC2Ti+ghne5uv31jQEnmwXg=", "line"=>{"name"=>"102A", "price"=>"10.2"}, "commit"=>"Create Line"}
  [1m[36m (0.3ms)[0m  [1mBEGIN[0m
  [1m[35mSQL (20.3ms)[0m  INSERT INTO `lines` (`created_at`, `name`, `price`, `updated_at`) VALUES ('2014-05-09 20:52:56', '102A', 10.2, '2014-05-09 20:52:56')
  [1m[36m (0.6ms)[0m  [1mCOMMIT[0m
Redirected to http://localhost:3000/lines/1
Completed 302 Found in 26ms (ActiveRecord: 21.1ms)


Started GET "/lines/1" for 127.0.0.1 at 2014-05-09 23:52:56 +0300
Processing by LinesController#show as HTML
  Parameters: {"id"=>"1"}
  [1m[35mLine Load (2.6ms)[0m  SELECT `lines`.* FROM `lines` WHERE `lines`.`id` = 1 LIMIT 1
  Rendered lines/show.html.erb within layouts/application (1.1ms)
Completed 200 OK in 15ms (Views: 9.4ms | ActiveRecord: 2.6ms)


Started GET "/assets/card_purches.css?body=1" for 127.0.0.1 at 2014-05-09 23:52:56 +0300


Started GET "/assets/application.css?body=1" for 127.0.0.1 at 2014-05-09 23:52:56 +0300


Started GET "/assets/vehicle_devices.css?body=1" for 127.0.0.1 at 2014-05-09 23:52:56 +0300


Started GET "/assets/lines.css?body=1" for 127.0.0.1 at 2014-05-09 23:52:56 +0300


Started GET "/assets/jquery.js?body=1" for 127.0.0.1 at 2014-05-09 23:52:56 +0300


Started GET "/assets/transport_card_types.css?body=1" for 127.0.0.1 at 2014-05-09 23:52:56 +0300


Started GET "/assets/users.css?body=1" for 127.0.0.1 at 2014-05-09 23:52:56 +0300


Started GET "/assets/line_devices.css?body=1" for 127.0.0.1 at 2014-05-09 23:52:56 +0300


Started GET "/assets/scaffolds.css?body=1" for 127.0.0.1 at 2014-05-09 23:52:56 +0300


Started GET "/assets/transport_card_types.js?body=1" for 127.0.0.1 at 2014-05-09 23:52:56 +0300


Started GET "/assets/users.js?body=1" for 127.0.0.1 at 2014-05-09 23:52:56 +0300


Started GET "/assets/vehicle_devices.js?body=1" for 127.0.0.1 at 2014-05-09 23:52:56 +0300


Started GET "/assets/lines.js?body=1" for 127.0.0.1 at 2014-05-09 23:52:56 +0300


Started GET "/assets/jquery_ujs.js?body=1" for 127.0.0.1 at 2014-05-09 23:52:56 +0300


Started GET "/assets/turbolinks.js?body=1" for 127.0.0.1 at 2014-05-09 23:52:56 +0300


Started GET "/assets/line_devices.js?body=1" for 127.0.0.1 at 2014-05-09 23:52:56 +0300


Started GET "/assets/card_purches.js?body=1" for 127.0.0.1 at 2014-05-09 23:52:56 +0300


Started GET "/assets/application.js?body=1" for 127.0.0.1 at 2014-05-09 23:52:56 +0300


Started GET "/lines" for 127.0.0.1 at 2014-05-09 23:52:58 +0300
Processing by LinesController#index as HTML
  [1m[36mLine Load (0.9ms)[0m  [1mSELECT `lines`.* FROM `lines`[0m
  Rendered lines/index.html.erb within layouts/application (3.9ms)
Completed 200 OK in 15ms (Views: 13.4ms | ActiveRecord: 0.9ms)


Started GET "/lines/new" for 127.0.0.1 at 2014-05-09 23:53:05 +0300
Processing by LinesController#new as HTML
  Rendered lines/_form.html.erb (2.3ms)
  Rendered lines/new.html.erb within layouts/application (3.5ms)
Completed 200 OK in 13ms (Views: 12.4ms | ActiveRecord: 0.0ms)


Started POST "/lines" for 127.0.0.1 at 2014-05-09 23:53:06 +0300
Processing by LinesController#create as HTML
  Parameters: {"utf8"=>"✓", "authenticity_token"=>"UYRfeid2Kq8WhQZxOrU5bC2Ti+ghne5uv31jQEnmwXg=", "line"=>{"name"=>"", "price"=>""}, "commit"=>"Create Line"}
  [1m[35m (0.2ms)[0m  BEGIN
  [1m[36m (0.1ms)[0m  [1mROLLBACK[0m
  Rendered lines/_form.html.erb (4.8ms)
  Rendered lines/new.html.erb within layouts/application (6.6ms)
Completed 200 OK in 20ms (Views: 17.0ms | ActiveRecord: 0.3ms)


Started GET "/assets/card_purches.css?body=1" for 127.0.0.1 at 2014-05-09 23:53:06 +0300


Started GET "/assets/users.css?body=1" for 127.0.0.1 at 2014-05-09 23:53:06 +0300


Started GET "/assets/lines.css?body=1" for 127.0.0.1 at 2014-05-09 23:53:06 +0300


Started GET "/assets/jquery.js?body=1" for 127.0.0.1 at 2014-05-09 23:53:06 +0300


Started GET "/assets/jquery_ujs.js?body=1" for 127.0.0.1 at 2014-05-09 23:53:06 +0300


Started GET "/assets/transport_card_types.css?body=1" for 127.0.0.1 at 2014-05-09 23:53:06 +0300


Started GET "/assets/line_devices.css?body=1" for 127.0.0.1 at 2014-05-09 23:53:06 +0300


Started GET "/assets/vehicle_devices.css?body=1" for 127.0.0.1 at 2014-05-09 23:53:06 +0300


Started GET "/assets/application.css?body=1" for 127.0.0.1 at 2014-05-09 23:53:06 +0300


Started GET "/assets/scaffolds.css?body=1" for 127.0.0.1 at 2014-05-09 23:53:06 +0300


Started GET "/assets/turbolinks.js?body=1" for 127.0.0.1 at 2014-05-09 23:53:06 +0300


Started GET "/assets/vehicle_devices.js?body=1" for 127.0.0.1 at 2014-05-09 23:53:06 +0300


Started GET "/assets/line_devices.js?body=1" for 127.0.0.1 at 2014-05-09 23:53:06 +0300


Started GET "/assets/lines.js?body=1" for 127.0.0.1 at 2014-05-09 23:53:06 +0300


Started GET "/assets/transport_card_types.js?body=1" for 127.0.0.1 at 2014-05-09 23:53:06 +0300


Started GET "/assets/users.js?body=1" for 127.0.0.1 at 2014-05-09 23:53:06 +0300


Started GET "/assets/card_purches.js?body=1" for 127.0.0.1 at 2014-05-09 23:53:06 +0300


Started GET "/assets/application.js?body=1" for 127.0.0.1 at 2014-05-09 23:53:06 +0300


Started POST "/lines" for 127.0.0.1 at 2014-05-09 23:53:10 +0300
Processing by LinesController#create as HTML
  Parameters: {"utf8"=>"✓", "authenticity_token"=>"UYRfeid2Kq8WhQZxOrU5bC2Ti+ghne5uv31jQEnmwXg=", "line"=>{"name"=>"", "price"=>"asdasdasd"}, "commit"=>"Create Line"}
  [1m[35m (0.2ms)[0m  BEGIN
  [1m[36m (0.2ms)[0m  [1mROLLBACK[0m
  Rendered lines/_form.html.erb (3.1ms)
  Rendered lines/new.html.erb within layouts/application (4.2ms)
Completed 200 OK in 19ms (Views: 14.2ms | ActiveRecord: 0.4ms)


Started GET "/assets/application.css?body=1" for 127.0.0.1 at 2014-05-09 23:53:10 +0300


Started GET "/assets/users.css?body=1" for 127.0.0.1 at 2014-05-09 23:53:10 +0300


Started GET "/assets/line_devices.css?body=1" for 127.0.0.1 at 2014-05-09 23:53:10 +0300


Started GET "/assets/lines.css?body=1" for 127.0.0.1 at 2014-05-09 23:53:11 +0300


Started GET "/assets/jquery_ujs.js?body=1" for 127.0.0.1 at 2014-05-09 23:53:11 +0300


Started GET "/assets/turbolinks.js?body=1" for 127.0.0.1 at 2014-05-09 23:53:11 +0300


Started GET "/assets/card_purches.js?body=1" for 127.0.0.1 at 2014-05-09 23:53:11 +0300


Started GET "/assets/vehicle_devices.css?body=1" for 127.0.0.1 at 2014-05-09 23:53:11 +0300


Started GET "/assets/jquery.js?body=1" for 127.0.0.1 at 2014-05-09 23:53:11 +0300


Started GET "/assets/scaffolds.css?body=1" for 127.0.0.1 at 2014-05-09 23:53:11 +0300


Started GET "/assets/transport_card_types.css?body=1" for 127.0.0.1 at 2014-05-09 23:53:11 +0300


Started GET "/assets/card_purches.css?body=1" for 127.0.0.1 at 2014-05-09 23:53:11 +0300


Started GET "/assets/application.js?body=1" for 127.0.0.1 at 2014-05-09 23:53:11 +0300


Started GET "/assets/vehicle_devices.js?body=1" for 127.0.0.1 at 2014-05-09 23:53:11 +0300


Started GET "/assets/users.js?body=1" for 127.0.0.1 at 2014-05-09 23:53:11 +0300


Started GET "/assets/line_devices.js?body=1" for 127.0.0.1 at 2014-05-09 23:53:11 +0300


Started GET "/assets/transport_card_types.js?body=1" for 127.0.0.1 at 2014-05-09 23:53:11 +0300


Started GET "/assets/lines.js?body=1" for 127.0.0.1 at 2014-05-09 23:53:11 +0300


Started POST "/lines" for 127.0.0.1 at 2014-05-09 23:53:16 +0300
Processing by LinesController#create as HTML
  Parameters: {"utf8"=>"✓", "authenticity_token"=>"UYRfeid2Kq8WhQZxOrU5bC2Ti+ghne5uv31jQEnmwXg=", "line"=>{"name"=>"324234", "price"=>"asdasdasdasdasda"}, "commit"=>"Create Line"}
  [1m[35m (0.2ms)[0m  BEGIN
  [1m[36mSQL (0.3ms)[0m  [1mINSERT INTO `lines` (`created_at`, `name`, `price`, `updated_at`) VALUES ('2014-05-09 20:53:16', '324234', 0.0, '2014-05-09 20:53:16')[0m
  [1m[35m (15.0ms)[0m  COMMIT
Redirected to http://localhost:3000/lines/2
Completed 302 Found in 19ms (ActiveRecord: 15.5ms)


Started GET "/lines/2" for 127.0.0.1 at 2014-05-09 23:53:16 +0300
Processing by LinesController#show as HTML
  Parameters: {"id"=>"2"}
  [1m[36mLine Load (0.4ms)[0m  [1mSELECT `lines`.* FROM `lines` WHERE `lines`.`id` = 2 LIMIT 1[0m
  Rendered lines/show.html.erb within layouts/application (0.5ms)
Completed 200 OK in 15ms (Views: 11.7ms | ActiveRecord: 0.4ms)


Started GET "/assets/application.css?body=1" for 127.0.0.1 at 2014-05-09 23:53:17 +0300


Started GET "/assets/scaffolds.css?body=1" for 127.0.0.1 at 2014-05-09 23:53:17 +0300


Started GET "/assets/vehicle_devices.css?body=1" for 127.0.0.1 at 2014-05-09 23:53:17 +0300


Started GET "/assets/lines.css?body=1" for 127.0.0.1 at 2014-05-09 23:53:17 +0300


Started GET "/assets/jquery_ujs.js?body=1" for 127.0.0.1 at 2014-05-09 23:53:17 +0300


Started GET "/assets/transport_card_types.css?body=1" for 127.0.0.1 at 2014-05-09 23:53:17 +0300


Started GET "/assets/card_purches.css?body=1" for 127.0.0.1 at 2014-05-09 23:53:17 +0300


Started GET "/assets/jquery.js?body=1" for 127.0.0.1 at 2014-05-09 23:53:17 +0300


Started GET "/assets/line_devices.css?body=1" for 127.0.0.1 at 2014-05-09 23:53:17 +0300


Started GET "/assets/turbolinks.js?body=1" for 127.0.0.1 at 2014-05-09 23:53:17 +0300


Started GET "/assets/card_purches.js?body=1" for 127.0.0.1 at 2014-05-09 23:53:17 +0300


Started GET "/assets/line_devices.js?body=1" for 127.0.0.1 at 2014-05-09 23:53:17 +0300


Started GET "/assets/lines.js?body=1" for 127.0.0.1 at 2014-05-09 23:53:17 +0300


Started GET "/assets/transport_card_types.js?body=1" for 127.0.0.1 at 2014-05-09 23:53:17 +0300


Started GET "/assets/users.js?body=1" for 127.0.0.1 at 2014-05-09 23:53:17 +0300


Started GET "/assets/vehicle_devices.js?body=1" for 127.0.0.1 at 2014-05-09 23:53:17 +0300


Started GET "/assets/application.js?body=1" for 127.0.0.1 at 2014-05-09 23:53:17 +0300


Started GET "/assets/users.css?body=1" for 127.0.0.1 at 2014-05-09 23:53:17 +0300


Started GET "/lines" for 127.0.0.1 at 2014-05-09 23:53:18 +0300
Processing by LinesController#index as HTML
  [1m[35mLine Load (0.5ms)[0m  SELECT `lines`.* FROM `lines`
  Rendered lines/index.html.erb within layouts/application (3.0ms)
Completed 200 OK in 14ms (Views: 12.3ms | ActiveRecord: 0.5ms)


Started GET "/line_devices" for 127.0.0.1 at 2014-05-09 23:53:35 +0300
Processing by LineDevicesController#index as HTML
  [1m[36mLineDevice Load (0.4ms)[0m  [1mSELECT `line_devices`.* FROM `line_devices`[0m
  Rendered line_devices/index.html.erb within layouts/application (8.8ms)
Completed 200 OK in 24ms (Views: 18.3ms | ActiveRecord: 0.4ms)


Started GET "/assets/application.css?body=1" for 127.0.0.1 at 2014-05-09 23:53:35 +0300


Started GET "/assets/card_purches.css?body=1" for 127.0.0.1 at 2014-05-09 23:53:35 +0300


Started GET "/assets/transport_card_types.css?body=1" for 127.0.0.1 at 2014-05-09 23:53:35 +0300


Started GET "/assets/line_devices.css?body=1" for 127.0.0.1 at 2014-05-09 23:53:35 +0300


Started GET "/assets/jquery_ujs.js?body=1" for 127.0.0.1 at 2014-05-09 23:53:35 +0300


Started GET "/assets/scaffolds.css?body=1" for 127.0.0.1 at 2014-05-09 23:53:35 +0300


Started GET "/assets/vehicle_devices.css?body=1" for 127.0.0.1 at 2014-05-09 23:53:35 +0300


Started GET "/assets/jquery.js?body=1" for 127.0.0.1 at 2014-05-09 23:53:36 +0300


Started GET "/assets/lines.css?body=1" for 127.0.0.1 at 2014-05-09 23:53:36 +0300


Started GET "/assets/turbolinks.js?body=1" for 127.0.0.1 at 2014-05-09 23:53:36 +0300


Started GET "/assets/card_purches.js?body=1" for 127.0.0.1 at 2014-05-09 23:53:36 +0300


Started GET "/assets/users.css?body=1" for 127.0.0.1 at 2014-05-09 23:53:36 +0300


Started GET "/assets/application.js?body=1" for 127.0.0.1 at 2014-05-09 23:53:36 +0300


Started GET "/assets/line_devices.js?body=1" for 127.0.0.1 at 2014-05-09 23:53:36 +0300


Started GET "/assets/transport_card_types.js?body=1" for 127.0.0.1 at 2014-05-09 23:53:36 +0300


Started GET "/assets/users.js?body=1" for 127.0.0.1 at 2014-05-09 23:53:36 +0300


Started GET "/assets/vehicle_devices.js?body=1" for 127.0.0.1 at 2014-05-09 23:53:36 +0300


Started GET "/assets/lines.js?body=1" for 127.0.0.1 at 2014-05-09 23:53:36 +0300


Started GET "/line_devices/new" for 127.0.0.1 at 2014-05-09 23:53:37 +0300
Processing by LineDevicesController#new as HTML
  Rendered line_devices/_form.html.erb (7.8ms)
  Rendered line_devices/new.html.erb within layouts/application (10.1ms)
Completed 200 OK in 33ms (Views: 20.2ms | ActiveRecord: 5.6ms)
